------------------------------------------------------------------------------------------------------------------------

[2018-11-06 16:29:07 #1 store.file] 
readTextFile error.

[2018-11-06 16:29:07 #2 store.file] 
java.io.FileNotFoundException: C:\Users\pisit\.objectdb\exolorer.xml (The system cannot find the file specified)
	at java.base/java.io.FileInputStream.open0(Native Method)
	at java.base/java.io.FileInputStream.open(FileInputStream.java:219)
	at java.base/java.io.FileInputStream.<init>(FileInputStream.java:157)
	at java.base/java.io.FileInputStream.<init>(FileInputStream.java:112)
	at com.objectdb.o.STH.A(STH.java:717)
	at com.objectdb.o.CNF.<init>(CNF.java:106)
	at com.objectdb.o.CNF.<clinit>(CNF.java:32)
	at com.objectdb.o.MainFrame.init(MainFrame.java:132)
	at com.objectdb.o.EXA.<init>(EXA.java:77)
	at com.objectdb.Explorer$1.run(Explorer.java:57)
	at java.desktop/java.awt.event.InvocationEvent.dispatch(InvocationEvent.java:313)
	at java.desktop/java.awt.EventQueue.dispatchEventImpl(EventQueue.java:770)
	at java.desktop/java.awt.EventQueue$4.run(EventQueue.java:721)
	at java.desktop/java.awt.EventQueue$4.run(EventQueue.java:715)
	at java.base/java.security.AccessController.doPrivileged(Native Method)
	at java.base/java.security.ProtectionDomain$JavaSecurityAccessImpl.doIntersectionPrivilege(ProtectionDomain.java:85)
	at java.desktop/java.awt.EventQueue.dispatchEvent(EventQueue.java:740)
	at java.desktop/java.awt.EventDispatchThread.pumpOneEventForFilters(EventDispatchThread.java:203)
	at java.desktop/java.awt.EventDispatchThread.pumpEventsForFilter(EventDispatchThread.java:124)
	at java.desktop/java.awt.EventDispatchThread.pumpEventsForHierarchy(EventDispatchThread.java:113)
	at java.desktop/java.awt.EventDispatchThread.pumpEvents(EventDispatchThread.java:109)
	at java.desktop/java.awt.EventDispatchThread.pumpEvents(EventDispatchThread.java:101)
	at java.desktop/java.awt.EventDispatchThread.run(EventDispatchThread.java:90)

[2018-11-06 16:29:08 #3 store] 
Database 'C:\Users\pisit\Desktop\KMITL Cinema\KMITL Cinema\db\user.odb' is opened by 8592@LAPTOP-FVH4QVGR

[2018-11-06 16:29:08 #4 store] 
Configuration path: ?

[2018-11-06 16:29:09 #5 store.file] 
readTextFile error.

[2018-11-06 16:29:09 #6 store.file] 
java.io.FileNotFoundException: C:\Users\pisit\.objectdb\exolorer.xml (The system cannot find the file specified)
	at java.base/java.io.FileInputStream.open0(Native Method)
	at java.base/java.io.FileInputStream.open(FileInputStream.java:219)
	at java.base/java.io.FileInputStream.<init>(FileInputStream.java:157)
	at java.base/java.io.FileInputStream.<init>(FileInputStream.java:112)
	at com.objectdb.o.STH.A(STH.java:717)
	at com.objectdb.o.CNF.<init>(CNF.java:106)
	at com.objectdb.o.CNF.f(CNF.java:130)
	at com.objectdb.o.CNC.s(CNC.java:119)
	at com.objectdb.o.EXA.<init>(EXA.java:87)
	at com.objectdb.Explorer$1.run(Explorer.java:57)
	at java.desktop/java.awt.event.InvocationEvent.dispatch(InvocationEvent.java:313)
	at java.desktop/java.awt.EventQueue.dispatchEventImpl(EventQueue.java:770)
	at java.desktop/java.awt.EventQueue$4.run(EventQueue.java:721)
	at java.desktop/java.awt.EventQueue$4.run(EventQueue.java:715)
	at java.base/java.security.AccessController.doPrivileged(Native Method)
	at java.base/java.security.ProtectionDomain$JavaSecurityAccessImpl.doIntersectionPrivilege(ProtectionDomain.java:85)
	at java.desktop/java.awt.EventQueue.dispatchEvent(EventQueue.java:740)
	at java.desktop/java.awt.EventDispatchThread.pumpOneEventForFilters(EventDispatchThread.java:203)
	at java.desktop/java.awt.EventDispatchThread.pumpEventsForFilter(EventDispatchThread.java:124)
	at java.desktop/java.awt.EventDispatchThread.pumpEventsForHierarchy(EventDispatchThread.java:113)
	at java.desktop/java.awt.EventDispatchThread.pumpEvents(EventDispatchThread.java:109)
	at java.desktop/java.awt.EventDispatchThread.pumpEvents(EventDispatchThread.java:101)
	at java.desktop/java.awt.EventDispatchThread.run(EventDispatchThread.java:90)

[2018-11-06 16:29:58 #7 store] 
Database 'C:\Users\pisit\Desktop\KMITL Cinema\KMITL Cinema\db\user.odb' is closed by 8592@LAPTOP-FVH4QVGR

[2018-11-06 16:29:58 #8 store] 
Database 'C:\Users\pisit\Desktop\KMITL Cinema\KMITL Cinema\db\user.odb' is opened by 8592@LAPTOP-FVH4QVGR

[2018-11-06 16:29:58 #9 store] 
Configuration path: ?

[2018-11-06 16:31:26 #10 store] 
Database 'C:\Users\pisit\Desktop\KMITL Cinema\KMITL Cinema\db\user.odb' is closed by 8592@LAPTOP-FVH4QVGR

------------------------------------------------------------------------------------------------------------------------

[2018-11-06 16:34:13 #1 store] 
Database 'C:\Users\pisit\Desktop\KMITL Cinema\KMITL Cinema\db\user.odb' is opened by 436@LAPTOP-FVH4QVGR

[2018-11-06 16:34:13 #2 store] 
Configuration path: ?

[2018-11-06 16:37:45 #3 store] 
Database 'C:\Users\pisit\Desktop\KMITL Cinema\KMITL Cinema\db\user.odb' is closed by 436@LAPTOP-FVH4QVGR

------------------------------------------------------------------------------------------------------------------------

[2018-11-06 16:43:10 #1 store] 
Database 'C:\Users\pisit\Desktop\KMITL Cinema\KMITL Cinema\db\user.odb' is opened by 8848@LAPTOP-FVH4QVGR

[2018-11-06 16:43:10 #2 store] 
Configuration path: ?

[2018-11-06 16:46:27 #3 store] 
Database 'C:\Users\pisit\Desktop\KMITL Cinema\KMITL Cinema\db\user.odb' is closed by 8848@LAPTOP-FVH4QVGR

