------------------------------------------------------------------------------------------------------------------------

[2018-11-08 21:33:03 #1 store.file] 
readTextFile error.

[2018-11-08 21:33:03 #2 store.file] 
java.io.FileNotFoundException: C:\Users\Phijak\.objectdb\exolorer.xml (The system cannot find the file specified)
	at java.io.FileInputStream.open0(Native Method)
	at java.io.FileInputStream.open(Unknown Source)
	at java.io.FileInputStream.<init>(Unknown Source)
	at java.io.FileInputStream.<init>(Unknown Source)
	at com.objectdb.o.STH.A(STH.java:717)
	at com.objectdb.o.CNF.<init>(CNF.java:106)
	at com.objectdb.o.CNF.<clinit>(CNF.java:32)
	at com.objectdb.o.MainFrame.init(MainFrame.java:132)
	at com.objectdb.o.EXA.<init>(EXA.java:77)
	at com.objectdb.Explorer$1.run(Explorer.java:57)
	at java.awt.event.InvocationEvent.dispatch(Unknown Source)
	at java.awt.EventQueue.dispatchEventImpl(Unknown Source)
	at java.awt.EventQueue.access$500(Unknown Source)
	at java.awt.EventQueue$3.run(Unknown Source)
	at java.awt.EventQueue$3.run(Unknown Source)
	at java.security.AccessController.doPrivileged(Native Method)
	at java.security.ProtectionDomain$JavaSecurityAccessImpl.doIntersectionPrivilege(Unknown Source)
	at java.awt.EventQueue.dispatchEvent(Unknown Source)
	at java.awt.EventDispatchThread.pumpOneEventForFilters(Unknown Source)
	at java.awt.EventDispatchThread.pumpEventsForFilter(Unknown Source)
	at java.awt.EventDispatchThread.pumpEventsForHierarchy(Unknown Source)
	at java.awt.EventDispatchThread.pumpEvents(Unknown Source)
	at java.awt.EventDispatchThread.pumpEvents(Unknown Source)
	at java.awt.EventDispatchThread.run(Unknown Source)

[2018-11-08 21:33:03 #3 store] 
Database 'C:\wamp64\www\OOAD\KMITL Cinema\db\user.odb' is opened by 6836@GIGABYTE-PC

[2018-11-08 21:33:03 #4 store] 
Configuration path: ?

[2018-11-08 21:33:03 #5 store.file] 
readTextFile error.

[2018-11-08 21:33:03 #6 store.file] 
java.io.FileNotFoundException: C:\Users\Phijak\.objectdb\exolorer.xml (The system cannot find the file specified)
	at java.io.FileInputStream.open0(Native Method)
	at java.io.FileInputStream.open(Unknown Source)
	at java.io.FileInputStream.<init>(Unknown Source)
	at java.io.FileInputStream.<init>(Unknown Source)
	at com.objectdb.o.STH.A(STH.java:717)
	at com.objectdb.o.CNF.<init>(CNF.java:106)
	at com.objectdb.o.CNF.f(CNF.java:130)
	at com.objectdb.o.CNC.s(CNC.java:119)
	at com.objectdb.o.EXA.<init>(EXA.java:87)
	at com.objectdb.Explorer$1.run(Explorer.java:57)
	at java.awt.event.InvocationEvent.dispatch(Unknown Source)
	at java.awt.EventQueue.dispatchEventImpl(Unknown Source)
	at java.awt.EventQueue.access$500(Unknown Source)
	at java.awt.EventQueue$3.run(Unknown Source)
	at java.awt.EventQueue$3.run(Unknown Source)
	at java.security.AccessController.doPrivileged(Native Method)
	at java.security.ProtectionDomain$JavaSecurityAccessImpl.doIntersectionPrivilege(Unknown Source)
	at java.awt.EventQueue.dispatchEvent(Unknown Source)
	at java.awt.EventDispatchThread.pumpOneEventForFilters(Unknown Source)
	at java.awt.EventDispatchThread.pumpEventsForFilter(Unknown Source)
	at java.awt.EventDispatchThread.pumpEventsForHierarchy(Unknown Source)
	at java.awt.EventDispatchThread.pumpEvents(Unknown Source)
	at java.awt.EventDispatchThread.pumpEvents(Unknown Source)
	at java.awt.EventDispatchThread.run(Unknown Source)

[2018-11-08 21:33:14 #7 store] 
Database 'C:\wamp64\www\OOAD\KMITL Cinema\db\user.odb' is closed by 6836@GIGABYTE-PC

------------------------------------------------------------------------------------------------------------------------

[2018-11-08 23:36:58 #1 store] 
Database 'C:\wamp64\www\OOAD\KMITL Cinema\db\user.odb' is opened by 15596@GIGABYTE-PC

[2018-11-08 23:36:58 #2 store] 
Configuration path: ?

[2018-11-08 23:37:16 #3 store] 
Database 'C:\wamp64\www\OOAD\KMITL Cinema\db\user.odb' is closed by 15596@GIGABYTE-PC

------------------------------------------------------------------------------------------------------------------------

[2018-11-08 23:47:04 #1 store] 
Database 'C:\wamp64\www\OOAD\KMITL Cinema\db\user.odb' is opened by 16132@GIGABYTE-PC

[2018-11-08 23:47:04 #2 store] 
Configuration path: ?

[2018-11-08 23:47:08 #3 store] 
Database 'C:\wamp64\www\OOAD\KMITL Cinema\db\user.odb' is closed by 16132@GIGABYTE-PC

------------------------------------------------------------------------------------------------------------------------

[2018-11-08 23:54:22 #1 store] 
Database 'C:\wamp64\www\OOAD\KMITL Cinema\db\user.odb' is opened by 13464@GIGABYTE-PC

[2018-11-08 23:54:22 #2 store] 
Configuration path: ?

[2018-11-08 23:55:05 #3 store] 
Database 'C:\wamp64\www\OOAD\KMITL Cinema\db\user.odb' is closed by 13464@GIGABYTE-PC

------------------------------------------------------------------------------------------------------------------------

[2018-11-08 23:56:36 #1 store] 
Database 'C:\wamp64\www\OOAD\KMITL Cinema\db\user.odb' is opened by 8692@GIGABYTE-PC

[2018-11-08 23:56:36 #2 store] 
Configuration path: ?

[2018-11-08 23:56:54 #3 store] 
Database 'C:\wamp64\www\OOAD\KMITL Cinema\db\user.odb' is closed by 8692@GIGABYTE-PC

