------------------------------------------------------------------------------------------------------------------------

[2018-11-05 12:00:08 #1 store] 
Database 'C:\Users\Phijak\Desktop\GitProjects\JavaApplication5\db\promotion.odb' is opened by 11732@DESKTOP-Q653M8N

[2018-11-05 12:00:08 #2 store] 
Configuration path: ?

[2018-11-05 12:00:10 #3 store] 
Database 'C:\Users\Phijak\Desktop\GitProjects\JavaApplication5\db\promotion.odb' is closed by 11732@DESKTOP-Q653M8N

------------------------------------------------------------------------------------------------------------------------

[2018-11-05 19:44:00 #1 store] 
Database 'C:\Users\Phijak\Documents\GitHub\OOAD\KMITL Cinema\db\user.odb' is opened by 1404@DESKTOP-Q653M8N

[2018-11-05 19:44:00 #2 store] 
Configuration path: ?

[2018-11-05 19:49:50 #3 store] 
Database 'C:\Users\Phijak\Documents\GitHub\OOAD\KMITL Cinema\db\user.odb' is closed by 1404@DESKTOP-Q653M8N

------------------------------------------------------------------------------------------------------------------------

[2018-11-05 23:24:00 #1 store] 
Database 'C:\Users\Phijak\Documents\GitHub\OOAD\KMITL Cinema\db\user.odb' is opened by 9388@DESKTOP-Q653M8N

[2018-11-05 23:24:00 #2 store] 
Configuration path: ?

[2018-11-05 23:24:12 #3 store] 
Database 'C:\Users\Phijak\Documents\GitHub\OOAD\KMITL Cinema\db\user.odb' is closed by 9388@DESKTOP-Q653M8N

------------------------------------------------------------------------------------------------------------------------

[2018-11-05 23:26:26 #1 store] 
Database 'C:\Users\Phijak\Documents\GitHub\OOAD\KMITL Cinema\db\user.odb' is opened by 5092@DESKTOP-Q653M8N

[2018-11-05 23:26:26 #2 store] 
Configuration path: ?

[2018-11-05 23:26:47 #3 store] 
Database 'C:\Users\Phijak\Documents\GitHub\OOAD\KMITL Cinema\db\user.odb' is closed by 5092@DESKTOP-Q653M8N

------------------------------------------------------------------------------------------------------------------------

[2018-11-05 23:37:43 #1 store] 
Database 'C:\Users\Phijak\Documents\GitHub\OOAD\KMITL Cinema\db\user.odb' is opened by 15572@DESKTOP-Q653M8N

[2018-11-05 23:37:43 #2 store] 
Configuration path: ?

[2018-11-05 23:38:03 #3 store] 
Database 'C:\Users\Phijak\Documents\GitHub\OOAD\KMITL Cinema\db\user.odb' is closed by 15572@DESKTOP-Q653M8N

------------------------------------------------------------------------------------------------------------------------

[2018-11-05 23:38:39 #1 store] 
Database 'C:\Users\Phijak\Documents\GitHub\OOAD\KMITL Cinema\db\user.odb' is opened by 17672@DESKTOP-Q653M8N

[2018-11-05 23:38:39 #2 store] 
Configuration path: ?

[2018-11-05 23:38:55 #3 store] 
Database 'C:\Users\Phijak\Documents\GitHub\OOAD\KMITL Cinema\db\user.odb' is closed by 17672@DESKTOP-Q653M8N

------------------------------------------------------------------------------------------------------------------------

[2018-11-05 23:39:08 #1 store] 
Database 'C:\Users\Phijak\Documents\GitHub\OOAD\KMITL Cinema\db\user.odb' is opened by 17984@DESKTOP-Q653M8N

[2018-11-05 23:39:08 #2 store] 
Configuration path: ?

[2018-11-05 23:39:14 #3 store] 
Database 'C:\Users\Phijak\Documents\GitHub\OOAD\KMITL Cinema\db\user.odb' is closed by 17984@DESKTOP-Q653M8N

